
============================================================
Kaggle API Key Updater
Accounts: 118
Workers: 1
============================================================

[0] brandontravis84956 - Getting Legacy API Key...
[brandontravis84956] Clicked Continue
[brandontravis84956] Downloaded kaggle.json: username=brandontravis22, key=ad1543364e0b056d7f92...
[0] brandontravis84956 - ✓ Got key: ad1543364e0b056d7f92...
[1] megan_ford57726 - Getting Legacy API Key...
[megan_ford57726] Clicked Continue
[megan_ford57726] Downloaded kaggle.json: username=meganford57726, key=9238acabbd88d2598edf...
[1] megan_ford57726 - ✓ Got key: 9238acabbd88d2598edf...
[2] adam_johnson1850 - Getting Legacy API Key...
[adam_johnson1850] Clicked Continue
[adam_johnson1850] Downloaded kaggle.json: username=adamjohnson1850, key=f9711da1bee542b10203...
[2] adam_johnson1850 - ✓ Got key: f9711da1bee542b10203...
[3] david_brown87111 - Getting Legacy API Key...
[david_brown87111] Clicked Continue
[david_brown87111] Downloaded kaggle.json: username=davidbrown87111, key=962c7f22fcad7b849e00...
[3] david_brown87111 - ✓ Got key: 962c7f22fcad7b849e00...
[4] kaylee_parsons35343 - Getting Legacy API Key...
[kaylee_parsons35343] Clicked Continue
[kaylee_parsons35343] Downloaded kaggle.json: username=kayleeparsons35343, key=490e95f3e7674327fdec...
[4] kaylee_parsons35343 - ✓ Got key: 490e95f3e7674327fdec...
[5] joyhale32957 - Getting Legacy API Key...
[joyhale32957] Clicked Continue
[joyhale32957] Downloaded kaggle.json: username=joyhale32957, key=d552115ed822c1a830c1...
[5] joyhale32957 - ✓ Got key: d552115ed822c1a830c1...
[6] crystalsmith46954 - Getting Legacy API Key...
[crystalsmith46954] Clicked Continue
[crystalsmith46954] Downloaded kaggle.json: username=crystalsmith46954, key=32c2304ab2a08fee49f8...
[6] crystalsmith46954 - ✓ Got key: 32c2304ab2a08fee49f8...
[7] catherinecantu3500 - Getting Legacy API Key...
[catherinecantu3500] Clicked Continue
[catherinecantu3500] Downloaded kaggle.json: username=catherinecantu3500, key=352a749aea695344245a...
[7] catherinecantu3500 - ✓ Got key: 352a749aea695344245a...
[8] jennifer_gomez93214 - Getting Legacy API Key...
[jennifer_gomez93214] Clicked Continue
[jennifer_gomez93214] Downloaded kaggle.json: username=jennifergomez93214, key=527ea317e4f8cc4d25f2...
[8] jennifer_gomez93214 - ✓ Got key: 527ea317e4f8cc4d25f2...
[9] joshua_moreno950747 - Getting Legacy API Key...
[joshua_moreno950747] Clicked Continue
[joshua_moreno950747] Downloaded kaggle.json: username=joshuamoreno950747, key=934bf623cfc4df97895f...
[9] joshua_moreno950747 - ✓ Got key: 934bf623cfc4df97895f...
[10] dean_lee6385 - Getting Legacy API Key...
[dean_lee6385] Clicked Continue
[dean_lee6385] Downloaded kaggle.json: username=deanlee6385, key=9c3c27d6dfec33c63822...
[10] dean_lee6385 - ✓ Got key: 9c3c27d6dfec33c63822...
[11] robert_smith3518 - Getting Legacy API Key...
[robert_smith3518] Clicked Continue
[robert_smith3518] Downloaded kaggle.json: username=robertsmith3518, key=77591bae7ccd087abbd3...
[11] robert_smith3518 - ✓ Got key: 77591bae7ccd087abbd3...
[12] dennis_murray7761 - Getting Legacy API Key...
[dennis_murray7761] Clicked Continue
[dennis_murray7761] Downloaded kaggle.json: username=dennismurray7761, key=7bf8380d2259c6bd7225...
[12] dennis_murray7761 - ✓ Got key: 7bf8380d2259c6bd7225...
[13] desireeallison7963 - Getting Legacy API Key...
[desireeallison7963] Clicked Continue
[desireeallison7963] Downloaded kaggle.json: username=desireeallison7963, key=36af3db5ed23ff02dc97...
[13] desireeallison7963 - ✓ Got key: 36af3db5ed23ff02dc97...
[14] cynthia_jones0016 - Getting Legacy API Key...
[cynthia_jones0016] Clicked Continue
[cynthia_jones0016] Downloaded kaggle.json: username=cynthiajones0016, key=567085679f2540f56f35...
[14] cynthia_jones0016 - ✓ Got key: 567085679f2540f56f35...
[15] aprilsolis640905 - Getting Legacy API Key...
[aprilsolis640905] Clicked Continue
[aprilsolis640905] Downloaded kaggle.json: username=aprilsolis640905, key=08fe755f4c85e9854f8d...
[15] aprilsolis640905 - ✓ Got key: 08fe755f4c85e9854f8d...
[16] hannahallen871191 - Getting Legacy API Key...
[hannahallen871191] Clicked Continue
[hannahallen871191] Downloaded kaggle.json: username=hannahallen871191, key=00459136601836594f8e...
[16] hannahallen871191 - ✓ Got key: 00459136601836594f8e...
[17] david_moore6105 - Getting Legacy API Key...
[david_moore6105] Clicked Continue
[david_moore6105] Downloaded kaggle.json: username=davidmoore6105, key=87604602a810842b9cf6...
[17] david_moore6105 - ✓ Got key: 87604602a810842b9cf6...
[18] joan_ortiz56308 - Getting Legacy API Key...
[joan_ortiz56308] Clicked Continue
[joan_ortiz56308] Downloaded kaggle.json: username=joanortiz56308, key=df4b15040dead7ead681...
[18] joan_ortiz56308 - ✓ Got key: df4b15040dead7ead681...
[19] tamibailey74183 - Getting Legacy API Key...
[tamibailey74183] Clicked Continue
[tamibailey74183] Downloaded kaggle.json: username=tamibailey74183, key=71a7400be979d6049dcd...
[19] tamibailey74183 - ✓ Got key: 71a7400be979d6049dcd...
[20] willie_hall61227 - Getting Legacy API Key...
[willie_hall61227] Clicked Continue
[willie_hall61227] Downloaded kaggle.json: username=williehall61227, key=a7fd7caaae1cb4427ea7...
[20] willie_hall61227 - ✓ Got key: a7fd7caaae1cb4427ea7...
[21] janicedaniels3804 - Getting Legacy API Key...
[janicedaniels3804] Clicked Continue
[janicedaniels3804] Downloaded kaggle.json: username=janicedaniels3804, key=b2ea75838bed17cac02f...
[21] janicedaniels3804 - ✓ Got key: b2ea75838bed17cac02f...
[22] lauramorris926758 - Getting Legacy API Key...
[lauramorris926758] Clicked Continue
[lauramorris926758] Downloaded kaggle.json: username=lauramorris926758, key=70ec6422907bd62e0b85...
[22] lauramorris926758 - ✓ Got key: 70ec6422907bd62e0b85...
[23] kaitlyn_butler7444 - Getting Legacy API Key...
[kaitlyn_butler7444] Clicked Continue
[kaitlyn_butler7444] Downloaded kaggle.json: username=kaitlynbutler7444, key=d42cc09c1ca2bf7fe8f2...
[23] kaitlyn_butler7444 - ✓ Got key: d42cc09c1ca2bf7fe8f2...
[24] jasonmccoy4294 - Getting Legacy API Key...
[jasonmccoy4294] Clicked Continue
[jasonmccoy4294] Downloaded kaggle.json: username=jasonmccoy4294, key=853e467d6b8de8ceea43...
[24] jasonmccoy4294 - ✓ Got key: 853e467d6b8de8ceea43...
[25] christopher_watts433 - Getting Legacy API Key...
[christopher_watts433] Clicked Continue
[christopher_watts433] Downloaded kaggle.json: username=christopherwatts433, key=44ea352ba2ca952fecca...
[25] christopher_watts433 - ✓ Got key: 44ea352ba2ca952fecca...
[26] eric_smith228536 - Getting Legacy API Key...
[eric_smith228536] Clicked Continue
[eric_smith228536] Downloaded kaggle.json: username=ericsmith228536, key=02f11b1fb9af4149448a...
[26] eric_smith228536 - ✓ Got key: 02f11b1fb9af4149448a...
[27] michael_moore85284 - Getting Legacy API Key...
[27] michael_moore85284 - ✗ Failed: Message: invalid session id: session deleted as the browser has closed the connection
from disconnected: Unable to receive message from renderer
  (Session info: chrome=144.0.7559.109); For documentation on this error, please visit: https://www.selenium.dev/documentation/webdriver/troubleshooting/errors#invalidsessionidexception
Stacktrace:
#0 0x555556019a4a <unknown>
#1 0x555555a326a2 <unknown>
#2 0x555555a19d87 <unknown>
#3 0x555555a19996 <unknown>
#4 0x555555a18640 <unknown>
#5 0x555555a40bba <unknown>
#6 0x555555ad0b68 <unknown>
#7 0x555555a798b2 <unknown>
#8 0x555555a7a6a1 <unknown>
#9 0x555555fdf8a9 <unknown>
#10 0x555555fe27b1 <unknown>
#11 0x555555fcbea9 <unknown>
#12 0x555555fe336e <unknown>
#13 0x555555fb2410 <unknown>
#14 0x5555560070c8 <unknown>
#15 0x55555600729b <unknown>
#16 0x555556018db8 <unknown>
#17 0x7ffff7942469 <unknown>

[28] anthonypeterson7197 - Getting Legacy API Key...
[anthonypeterson7197] Clicked Continue
[anthonypeterson7197] Downloaded kaggle.json: username=anthonypeterson7197, key=72d9664a3d0671ab89af...
[28] anthonypeterson7197 - ✓ Got key: 72d9664a3d0671ab89af...
[29] lisa_murphy587985 - Getting Legacy API Key...
[lisa_murphy587985] Clicked Continue
[lisa_murphy587985] Downloaded kaggle.json: username=lisamurphy587985, key=8d5c8f825122da04056a...
[29] lisa_murphy587985 - ✓ Got key: 8d5c8f825122da04056a...
[30] seth_hopkins8168 - Getting Legacy API Key...
[seth_hopkins8168] Clicked Continue
[seth_hopkins8168] Downloaded kaggle.json: username=sethhopkins8168, key=b15a0291ebd6c6a6a5e7...
[30] seth_hopkins8168 - ✓ Got key: b15a0291ebd6c6a6a5e7...
[31] whitney_hooper07270 - Getting Legacy API Key...
[whitney_hooper07270] Clicked Continue
[whitney_hooper07270] Downloaded kaggle.json: username=whitneyhooper07270, key=65e6e20e7d9d8b460738...
[31] whitney_hooper07270 - ✓ Got key: 65e6e20e7d9d8b460738...
[32] richard_mcknight4755 - Getting Legacy API Key...
[richard_mcknight4755] Clicked Continue
[richard_mcknight4755] Downloaded kaggle.json: username=richardmcknight4755, key=267781701033edb6a1fd...
[32] richard_mcknight4755 - ✓ Got key: 267781701033edb6a1fd...
[33] melissa_guerrero9005 - Getting Legacy API Key...
[melissa_guerrero9005] Clicked Continue
[melissa_guerrero9005] Downloaded kaggle.json: username=melissaguerrero9005, key=7c57cd55552cbbdd5efe...
[33] melissa_guerrero9005 - ✓ Got key: 7c57cd55552cbbdd5efe...
[34] george_montes028242 - Getting Legacy API Key...
[george_montes028242] Clicked Continue
[george_montes028242] Downloaded kaggle.json: username=georgemontes028242, key=14179c6da0cf0b795ee2...
[34] george_montes028242 - ✓ Got key: 14179c6da0cf0b795ee2...
[35] noahlopez20833 - Getting Legacy API Key...
[noahlopez20833] Clicked Continue
[noahlopez20833] Downloaded kaggle.json: username=noahlopez20833, key=f875b76cb86fa1088895...
[35] noahlopez20833 - ✓ Got key: f875b76cb86fa1088895...
[36] saraholt77372 - Getting Legacy API Key...
[saraholt77372] Clicked Continue
[saraholt77372] Downloaded kaggle.json: username=saraholt77372, key=6ed89c1fcadc8a37ff5e...
[36] saraholt77372 - ✓ Got key: 6ed89c1fcadc8a37ff5e...
[37] william_chaney644998 - Getting Legacy API Key...
[william_chaney644998] Clicked Continue
[william_chaney644998] Downloaded kaggle.json: username=williamchaney644998, key=b60f9f4204d660d72ca4...
[37] william_chaney644998 - ✓ Got key: b60f9f4204d660d72ca4...
[38] matthew_watson47331 - Getting Legacy API Key...
[matthew_watson47331] Clicked Continue
[matthew_watson47331] Downloaded kaggle.json: username=matthewwatson47331, key=a844ff012902defac682...
[38] matthew_watson47331 - ✓ Got key: a844ff012902defac682...
[39] amy_bean426028 - Getting Legacy API Key...
[amy_bean426028] Clicked Continue
[amy_bean426028] Downloaded kaggle.json: username=amybean426028, key=b10dba3406805b49056d...
[39] amy_bean426028 - ✓ Got key: b10dba3406805b49056d...
[40] sarah_bridges208779 - Getting Legacy API Key...
[sarah_bridges208779] Clicked Continue
[sarah_bridges208779] Downloaded kaggle.json: username=sarahbridges208779, key=12455b4f088ccdfad41d...
[40] sarah_bridges208779 - ✓ Got key: 12455b4f088ccdfad41d...
[41] howardgarcia27863 - Getting Legacy API Key...
[howardgarcia27863] Clicked Continue
[howardgarcia27863] Downloaded kaggle.json: username=howardgarcia27863, key=67159f99ef911a0f76d8...
[41] howardgarcia27863 - ✓ Got key: 67159f99ef911a0f76d8...
[42] kimberlyanderson8014 - Getting Legacy API Key...
[kimberlyanderson8014] Clicked Continue
[kimberlyanderson8014] Downloaded kaggle.json: username=kimberlyanderson8014, key=753c25694181aa420987...
[42] kimberlyanderson8014 - ✓ Got key: 753c25694181aa420987...
[43] scottclark8486 - Getting Legacy API Key...
[scottclark8486] Clicked Continue
[scottclark8486] Downloaded kaggle.json: username=scottclark8486, key=814305933d122f23a036...
[43] scottclark8486 - ✓ Got key: 814305933d122f23a036...
[44] nichole_thomas1269 - Getting Legacy API Key...
[nichole_thomas1269] Clicked Continue
[nichole_thomas1269] Downloaded kaggle.json: username=nicholethomas1269, key=cdd7b4b8c9b2473a3376...
[44] nichole_thomas1269 - ✓ Got key: cdd7b4b8c9b2473a3376...
[45] seanstewart8246 - Getting Legacy API Key...
[seanstewart8246] Clicked Continue
[seanstewart8246] Downloaded kaggle.json: username=seanstewart8246, key=2db85bebcb9fa878cb0d...
[45] seanstewart8246 - ✓ Got key: 2db85bebcb9fa878cb0d...
[46] lorraine_miller68534 - Getting Legacy API Key...
[lorraine_miller68534] Clicked Continue
[lorraine_miller68534] Downloaded kaggle.json: username=lorrainemiller68534, key=07420a0883699c67266c...
[46] lorraine_miller68534 - ✓ Got key: 07420a0883699c67266c...
[47] janet_martinez8816 - Getting Legacy API Key...
[janet_martinez8816] Clicked Continue
[janet_martinez8816] Downloaded kaggle.json: username=janetmartinez8816, key=a43c1f9dda354820f0ac...
[47] janet_martinez8816 - ✓ Got key: a43c1f9dda354820f0ac...
[48] allison_prince448534 - Getting Legacy API Key...
[allison_prince448534] Clicked Continue
[allison_prince448534] Downloaded kaggle.json: username=allisonprince448534, key=a15fb1d94223d8a58781...
[48] allison_prince448534 - ✓ Got key: a15fb1d94223d8a58781...
[49] linda_salas1567 - Getting Legacy API Key...
[linda_salas1567] Clicked Continue
[linda_salas1567] Downloaded kaggle.json: username=lindasalas1567, key=0af74e220b8261269775...
[49] linda_salas1567 - ✓ Got key: 0af74e220b8261269775...
[50] ann_brown350535 - Getting Legacy API Key...
[ann_brown350535] Clicked Continue
[ann_brown350535] Downloaded kaggle.json: username=annbrown350535, key=c903fda72be21748606d...
[50] ann_brown350535 - ✓ Got key: c903fda72be21748606d...
[51] john_armstrong9357 - Getting Legacy API Key...
[51] john_armstrong9357 - ✗ Failed: Message: invalid session id: session deleted as the browser has closed the connection
from disconnected: Unable to receive message from renderer
  (Session info: chrome=144.0.7559.109); For documentation on this error, please visit: https://www.selenium.dev/documentation/webdriver/troubleshooting/errors#invalidsessionidexception
Stacktrace:
#0 0x555556019a4a <unknown>
#1 0x555555a326a2 <unknown>
#2 0x555555a19d87 <unknown>
#3 0x555555a19996 <unknown>
#4 0x555555a18640 <unknown>
#5 0x555555a40bba <unknown>
#6 0x555555ad0b68 <unknown>
#7 0x555555a798b2 <unknown>
#8 0x555555a7a6a1 <unknown>
#9 0x555555fdf8a9 <unknown>
#10 0x555555fe27b1 <unknown>
#11 0x555555fcbea9 <unknown>
#12 0x555555fe336e <unknown>
#13 0x555555fb2410 <unknown>
#14 0x5555560070c8 <unknown>
#15 0x55555600729b <unknown>
#16 0x555556018db8 <unknown>
#17 0x7ffff7942469 <unknown>

[52] jasonhowe12625 - Getting Legacy API Key...
[jasonhowe12625] Clicked Continue
[jasonhowe12625] Downloaded kaggle.json: username=jasonhowe12625, key=1843d7aa22bae2068ba6...
[52] jasonhowe12625 - ✓ Got key: 1843d7aa22bae2068ba6...
[53] keith_jones42727 - Getting Legacy API Key...
[keith_jones42727] Clicked Continue
[keith_jones42727] Downloaded kaggle.json: username=keithjones42727, key=bc77e6a97ea95e2c3ce7...
[53] keith_jones42727 - ✓ Got key: bc77e6a97ea95e2c3ce7...
[54] jennifer_perez9189 - Getting Legacy API Key...
[jennifer_perez9189] Clicked Continue
[jennifer_perez9189] Downloaded kaggle.json: username=jenniferperez9189, key=e6d80d4db405300d5aeb...
[54] jennifer_perez9189 - ✓ Got key: e6d80d4db405300d5aeb...
[55] craig_hernandez08126 - Getting Legacy API Key...
[craig_hernandez08126] Clicked Continue
[craig_hernandez08126] Downloaded kaggle.json: username=craighernandez08126, key=2ff9024d3e76019c7fe4...
[55] craig_hernandez08126 - ✓ Got key: 2ff9024d3e76019c7fe4...
[56] sarahwhite1410 - Getting Legacy API Key...
[sarahwhite1410] Clicked Continue
[sarahwhite1410] Downloaded kaggle.json: username=sarahwhite1410, key=3b485ea52b3a858b2dcf...
[56] sarahwhite1410 - ✓ Got key: 3b485ea52b3a858b2dcf...
[57] andrew_haas595471 - Getting Legacy API Key...
[andrew_haas595471] Clicked Continue
[andrew_haas595471] Downloaded kaggle.json: username=andrewhaas595471, key=cf3a662a32b7ceeca8f8...
[57] andrew_haas595471 - ✓ Got key: cf3a662a32b7ceeca8f8...
[58] jerry_perez23987 - Getting Legacy API Key...
[jerry_perez23987] Clicked Continue
[jerry_perez23987] Downloaded kaggle.json: username=jerryperez23987, key=dbb6bba97a4faf790a45...
[58] jerry_perez23987 - ✓ Got key: dbb6bba97a4faf790a45...
[59] samanthahughes90806 - Getting Legacy API Key...
[samanthahughes90806] Clicked Continue
[samanthahughes90806] Downloaded kaggle.json: username=samanthahughes90806, key=05465503926ce8384110...
[59] samanthahughes90806 - ✓ Got key: 05465503926ce8384110...
[60] josephhill6748 - Getting Legacy API Key...
[josephhill6748] Clicked Continue
[josephhill6748] Downloaded kaggle.json: username=josephhill6748, key=6b9852dfc6f659f6c7bc...
[60] josephhill6748 - ✓ Got key: 6b9852dfc6f659f6c7bc...
[61] emilychambers91354 - Getting Legacy API Key...
[emilychambers91354] Clicked Continue
[emilychambers91354] Downloaded kaggle.json: username=emilychambers91354, key=fda9b600adafe9642e7a...
[61] emilychambers91354 - ✓ Got key: fda9b600adafe9642e7a...
[62] jacqueline_horton371 - Getting Legacy API Key...
[jacqueline_horton371] Clicked Continue
[jacqueline_horton371] Downloaded kaggle.json: username=jacquelinehorton371, key=5d42b35a51eb3f6f9a4e...
[62] jacqueline_horton371 - ✓ Got key: 5d42b35a51eb3f6f9a4e...
[63] jeffreyclark00449 - Getting Legacy API Key...
[jeffreyclark00449] Clicked Continue
[jeffreyclark00449] Downloaded kaggle.json: username=jeffreyclark00449, key=605e356c50e800c39a21...
[63] jeffreyclark00449 - ✓ Got key: 605e356c50e800c39a21...
[64] robert_carpenter6401 - Getting Legacy API Key...
[robert_carpenter6401] Clicked Continue
[robert_carpenter6401] Downloaded kaggle.json: username=robertcarpenter6401, key=b0760a834c15acaa42d2...
[64] robert_carpenter6401 - ✓ Got key: b0760a834c15acaa42d2...
[65] jameswilliams91900 - Getting Legacy API Key...
[jameswilliams91900] Clicked Continue
[jameswilliams91900] Downloaded kaggle.json: username=jameswilliams91900, key=05d937d7182e31be76ec...
[65] jameswilliams91900 - ✓ Got key: 05d937d7182e31be76ec...
[66] melissanelson43272 - Getting Legacy API Key...
[66] melissanelson43272 - ✗ Failed: Message: invalid session id: session deleted as the browser has closed the connection
from disconnected: Unable to receive message from renderer
  (Session info: chrome=144.0.7559.109); For documentation on this error, please visit: https://www.selenium.dev/documentation/webdriver/troubleshooting/errors#invalidsessionidexception
Stacktrace:
#0 0x555556019a4a <unknown>
#1 0x555555a326a2 <unknown>
#2 0x555555a19d87 <unknown>
#3 0x555555a19996 <unknown>
#4 0x555555a18640 <unknown>
#5 0x555555a40bba <unknown>
#6 0x555555ad0b68 <unknown>
#7 0x555555a798b2 <unknown>
#8 0x555555a7a6a1 <unknown>
#9 0x555555fdf8a9 <unknown>
#10 0x555555fe27b1 <unknown>
#11 0x555555fcbea9 <unknown>
#12 0x555555fe336e <unknown>
#13 0x555555fb2410 <unknown>
#14 0x5555560070c8 <unknown>
#15 0x55555600729b <unknown>
#16 0x555556018db8 <unknown>
#17 0x7ffff7942469 <unknown>

[67] margaret_boyd600581 - Getting Legacy API Key...
[margaret_boyd600581] Clicked Continue
[margaret_boyd600581] Downloaded kaggle.json: username=margaretboyd600581, key=c7f65a1e65a1ceea0e8b...
[67] margaret_boyd600581 - ✓ Got key: c7f65a1e65a1ceea0e8b...
[68] stevenmay4470 - Getting Legacy API Key...
[stevenmay4470] Clicked Continue
[stevenmay4470] Downloaded kaggle.json: username=stevenmay4470, key=cabe871f0402576c2ed8...
[68] stevenmay4470 - ✓ Got key: cabe871f0402576c2ed8...
[69] meredithmason75280 - Getting Legacy API Key...
[meredithmason75280] Clicked Continue
[meredithmason75280] Downloaded kaggle.json: username=meredithmason75280, key=2b3564fb1ebde34c7b54...
[69] meredithmason75280 - ✓ Got key: 2b3564fb1ebde34c7b54...
[70] eric_luna01969 - Getting Legacy API Key...
[eric_luna01969] Clicked Continue
[eric_luna01969] Downloaded kaggle.json: username=ericluna01969, key=036d6007d948c858725d...
[70] eric_luna01969 - ✓ Got key: 036d6007d948c858725d...
[71] oliviacastaneda54426 - Getting Legacy API Key...
[71] oliviacastaneda54426 - ✗ Failed: Message: session not created
from chrome not reachable; For documentation on this error, please visit: https://www.selenium.dev/documentation/webdriver/troubleshooting/errors#sessionnotcreatedexception
Stacktrace:
#0 0x555556019a4a <unknown>
#1 0x555555a32390 <unknown>
#2 0x555555a1dad8 <unknown>
#3 0x555555a7556e <unknown>
#4 0x555555a70c30 <unknown>
#5 0x555555a6aef9 <unknown>
#6 0x555555abd06e <unknown>
#7 0x555555abc75c <unknown>
#8 0x555555a798b2 <unknown>
#9 0x555555a7a6a1 <unknown>
#10 0x555555fdf8a9 <unknown>
#11 0x555555fe27b1 <unknown>
#12 0x555555fcbea9 <unknown>
#13 0x555555fe336e <unknown>
#14 0x555555fb2410 <unknown>
#15 0x5555560070c8 <unknown>
#16 0x55555600729b <unknown>
#17 0x555556018db8 <unknown>
#18 0x7ffff7942469 <unknown>

[72] roygonzales72341 - Getting Legacy API Key...
[roygonzales72341] Clicked Continue
[roygonzales72341] Downloaded kaggle.json: username=roygonzales72341, key=1f4acd99d0c06e9c427e...
[72] roygonzales72341 - ✓ Got key: 1f4acd99d0c06e9c427e...
[73] christopher_garcia20 - Getting Legacy API Key...
[christopher_garcia20] Clicked Continue
[christopher_garcia20] Downloaded kaggle.json: username=christophergarcia20, key=a7d40f204c9cdc690996...
[73] christopher_garcia20 - ✓ Got key: a7d40f204c9cdc690996...
[74] michelledavis2475 - Getting Legacy API Key...
[michelledavis2475] Clicked Continue
[michelledavis2475] Downloaded kaggle.json: username=michelledavis2475, key=f2f4d762cbb555265cc0...
[74] michelledavis2475 - ✓ Got key: f2f4d762cbb555265cc0...
[75] cynthia_baldwin86633 - Getting Legacy API Key...
[cynthia_baldwin86633] Clicked Continue
[cynthia_baldwin86633] Downloaded kaggle.json: username=cynthiabaldwin86633, key=f2e4adc4c9912da3a1b3...
[75] cynthia_baldwin86633 - ✓ Got key: f2e4adc4c9912da3a1b3...
[76] antonio_singh1361 - Getting Legacy API Key...
[antonio_singh1361] Clicked Continue
[antonio_singh1361] Downloaded kaggle.json: username=antoniosingh1361, key=fa9abac40ec6dab8bd62...
[76] antonio_singh1361 - ✓ Got key: fa9abac40ec6dab8bd62...
[77] rachelleonard320894 - Getting Legacy API Key...
[rachelleonard320894] Clicked Continue
[rachelleonard320894] Downloaded kaggle.json: username=rachelleonard320894, key=24bfedcf4bc8aeae9a92...
[77] rachelleonard320894 - ✓ Got key: 24bfedcf4bc8aeae9a92...
[78] regina_jensen58824 - Getting Legacy API Key...
[regina_jensen58824] Clicked Continue
[regina_jensen58824] Downloaded kaggle.json: username=reginajensen58824, key=2a97081f4235b860581d...
[78] regina_jensen58824 - ✓ Got key: 2a97081f4235b860581d...
[79] samantha_mcclure1228 - Getting Legacy API Key...
[samantha_mcclure1228] Clicked Continue
[samantha_mcclure1228] Downloaded kaggle.json: username=samanthamcclure1228, key=352d60b4602e552225c7...
[79] samantha_mcclure1228 - ✓ Got key: 352d60b4602e552225c7...
[80] nicholasgrant3145 - Getting Legacy API Key...
[nicholasgrant3145] Clicked Continue
[nicholasgrant3145] Downloaded kaggle.json: username=nicholasgrant3145, key=2cd1d264dd0f92d767d2...
[80] nicholasgrant3145 - ✓ Got key: 2cd1d264dd0f92d767d2...
[81] gavinmcdonald07447 - Getting Legacy API Key...
[gavinmcdonald07447] Clicked Continue
[gavinmcdonald07447] Downloaded kaggle.json: username=gavinmcdonald07447, key=be484fa9b1a7b3ea8dfa...
[81] gavinmcdonald07447 - ✓ Got key: be484fa9b1a7b3ea8dfa...
[82] sarahschneider909460 - Getting Legacy API Key...
[82] sarahschneider909460 - ✗ Failed: Message: invalid session id: session deleted as the browser has closed the connection
from disconnected: Unable to receive message from renderer
  (Session info: chrome=144.0.7559.109); For documentation on this error, please visit: https://www.selenium.dev/documentation/webdriver/troubleshooting/errors#invalidsessionidexception
Stacktrace:
#0 0x555556019a4a <unknown>
#1 0x555555a326a2 <unknown>
#2 0x555555a19d87 <unknown>
#3 0x555555a19996 <unknown>
#4 0x555555a174a1 <unknown>
#5 0x555555a17e2f <unknown>
#6 0x555555a27360 <unknown>
#7 0x555555a41357 <unknown>
#8 0x555555a4856b <unknown>
#9 0x555555a18599 <unknown>
#10 0x555555a40bba <unknown>
#11 0x555555ad0b68 <unknown>
#12 0x555555a798b2 <unknown>
#13 0x555555a7a6a1 <unknown>
#14 0x555555fdf8a9 <unknown>
#15 0x555555fe27b1 <unknown>
#16 0x555555fcbea9 <unknown>
#17 0x555555fe336e <unknown>
#18 0x555555fb2410 <unknown>
#19 0x5555560070c8 <unknown>
#20 0x55555600729b <unknown>
#21 0x555556018db8 <unknown>
#22 0x7ffff7942469 <unknown>

[83] katherine_burton1702 - Getting Legacy API Key...
[katherine_burton1702] Clicked Continue
[katherine_burton1702] Downloaded kaggle.json: username=katherineburton1702, key=c2f28aff920d920fad91...
[83] katherine_burton1702 - ✓ Got key: c2f28aff920d920fad91...
[84] alanwagner8575 - Getting Legacy API Key...
[alanwagner8575] Clicked Continue
[alanwagner8575] Downloaded kaggle.json: username=alanwagner8575, key=1b0d579f2ca8f7b08697...
[84] alanwagner8575 - ✓ Got key: 1b0d579f2ca8f7b08697...
[85] abigail_adams843330 - Getting Legacy API Key...
[abigail_adams843330] Clicked Continue
[abigail_adams843330] Downloaded kaggle.json: username=abigailadams843330, key=4fff54af5e7ac9173d8c...
[85] abigail_adams843330 - ✓ Got key: 4fff54af5e7ac9173d8c...
[86] williamcobb1824 - Getting Legacy API Key...
[williamcobb1824] Clicked Continue
[williamcobb1824] Downloaded kaggle.json: username=williamcobb1824, key=6becaac18d622e602526...
[86] williamcobb1824 - ✓ Got key: 6becaac18d622e602526...
[87] lauren_leonard08656 - Getting Legacy API Key...
[lauren_leonard08656] Clicked Continue
[lauren_leonard08656] Downloaded kaggle.json: username=laurenleonard08656, key=f44f1880367b46a6e23e...
[87] lauren_leonard08656 - ✓ Got key: f44f1880367b46a6e23e...
[88] mikepatterson5481 - Getting Legacy API Key...
[mikepatterson5481] Clicked Continue
[mikepatterson5481] Downloaded kaggle.json: username=mikepatterson5481, key=911b4407e16a87ccc198...
[88] mikepatterson5481 - ✓ Got key: 911b4407e16a87ccc198...
[89] tinajones5931 - Getting Legacy API Key...
[tinajones5931] Clicked Continue
[tinajones5931] Downloaded kaggle.json: username=tinajones5931, key=5214584f9f7317d6d012...
[89] tinajones5931 - ✓ Got key: 5214584f9f7317d6d012...
[90] brianna_martinez0127 - Getting Legacy API Key...
[90] brianna_martinez0127 - ✗ Failed: Login failed
[91] danielbrown022285 - Getting Legacy API Key...
[91] danielbrown022285 - ✗ Failed: Login failed
[92] bettysmith682347 - Getting Legacy API Key...
[92] bettysmith682347 - ✗ Failed: Login failed
[93] breanna_taylor11107 - Getting Legacy API Key...
[93] breanna_taylor11107 - ✗ Failed: Login failed
[94] michelle_murray1703 - Getting Legacy API Key...
[94] michelle_murray1703 - ✗ Failed: Login failed
[95] jacobfaulkner7130 - Getting Legacy API Key...
[95] jacobfaulkner7130 - ✗ Failed: Login failed
[96] katie_higgins4485 - Getting Legacy API Key...
[96] katie_higgins4485 - ✗ Failed: Login failed
[97] nicole_monroe60967 - Getting Legacy API Key...
[97] nicole_monroe60967 - ✗ Failed: Login failed
[98] alanmiller7330 - Getting Legacy API Key...
[98] alanmiller7330 - ✗ Failed: Login failed
[99] william_moran4029 - Getting Legacy API Key...
[99] william_moran4029 - ✗ Failed: Login failed
[100] josephadams5548 - Getting Legacy API Key...
[100] josephadams5548 - ✗ Failed: Login failed
[101] jennifer_gamble54502 - Getting Legacy API Key...
[101] jennifer_gamble54502 - ✗ Failed: Login failed
[102] justinkennedy668903 - Getting Legacy API Key...
[102] justinkennedy668903 - ✗ Failed: Login failed
[103] jeffery_frederick623 - Getting Legacy API Key...
[103] jeffery_frederick623 - ✗ Failed: Login failed
[104] vickikramer76785 - Getting Legacy API Key...
[104] vickikramer76785 - ✗ Failed: Login failed
[105] seanwalsh8635 - Getting Legacy API Key...
[105] seanwalsh8635 - ✗ Failed: Login failed
[106] patrick_nolan40816 - Getting Legacy API Key...
[106] patrick_nolan40816 - ✗ Failed: Login failed
[107] matthew_wilson230628 - Getting Legacy API Key...
[107] matthew_wilson230628 - ✗ Failed: Login failed
[108] karen_lopez386874 - Getting Legacy API Key...
[108] karen_lopez386874 - ✗ Failed: Login failed
[109] jonathan_brown270726 - Getting Legacy API Key...
[109] jonathan_brown270726 - ✗ Failed: Login failed
[110] edwardscott06037 - Getting Legacy API Key...
[110] edwardscott06037 - ✗ Failed: Login failed
[111] juliekelly184253 - Getting Legacy API Key...
[111] juliekelly184253 - ✗ Failed: Login failed
[112] miguelwhite4626 - Getting Legacy API Key...
[112] miguelwhite4626 - ✗ Failed: Login failed
[113] matthewjohnson8351 - Getting Legacy API Key...
[113] matthewjohnson8351 - ✗ Failed: Login failed
[114] josephscott2590 - Getting Legacy API Key...
[114] josephscott2590 - ✗ Failed: Login failed
[115] joshua_ramos29080 - Getting Legacy API Key...
[115] joshua_ramos29080 - ✗ Failed: Login failed
[116] rodneyboyd7539 - Getting Legacy API Key...
[116] rodneyboyd7539 - ✗ Failed: Login failed
[117] briancastillo757854 - Getting Legacy API Key...
[117] briancastillo757854 - ✗ Failed: Login failed

============================================================
Results:
  Success: 85
  Failed: 33
============================================================

Results saved to: /mnt/F/C2_server/data/api_key_update_results.json
